[2026-05-30 02:44:17] Redirecting to Instagram OAuth
{
    "url": "https:\/\/www.facebook.com\/v21.0\/dialog\/oauth?client_id=1884605762223955&redirect_uri=https%3A%2F%2FYOUR_DOMAIN%2Fauth.php&scope=instagram_basic%2Cinstagram_manage_comments%2Cinstagram_manage_insights%2Cpages_show_list%2Cpages_read_engagement&response_type=code&state=f8a5e1ffb1b38a5428be645d73bb0c50"
}
---
[2026-05-30 02:44:29] Redirecting to Instagram OAuth
{
    "url": "https:\/\/www.facebook.com\/v21.0\/dialog\/oauth?client_id=1884605762223955&redirect_uri=https%3A%2F%2FYOUR_DOMAIN%2Fauth.php&scope=instagram_basic%2Cinstagram_manage_comments%2Cinstagram_manage_insights%2Cpages_show_list%2Cpages_read_engagement&response_type=code&state=031e238ca7c205b45929d64f5d4b83a2"
}
---
[2026-05-30 02:49:23] Redirecting to Instagram Login
{
    "url": "https:\/\/www.instagram.com\/oauth\/authorize?client_id=1884605762223955&redirect_uri=https%3A%2F%2FYOUR_DOMAIN%2Fmeta_api%2Fauth.php&response_type=code&scope=instagram_business_basic%2Cinstagram_business_manage_comments%2Cinstagram_business_manage_messages"
}
---
[2026-05-30 02:52:17] Redirecting to Instagram Login
{
    "url": "https:\/\/www.instagram.com\/oauth\/authorize?client_id=1884605762223955&redirect_uri=https%3A%2F%2Fwabot.web.id%2Fmeta_api%2Fauth.php&response_type=code&scope=instagram_business_basic%2Cinstagram_business_manage_comments%2Cinstagram_business_manage_messages"
}
---
